<html>
<head>
<title>TestNG:  Default test</title>
<link href="../testng.css" rel="stylesheet" type="text/css" />
<link href="../my-testng.css" rel="stylesheet" type="text/css" />

<style type="text/css">
.log { display: none;} 
.stack-trace { display: none;} 
</style>
<script type="text/javascript">
<!--
function flip(e) {
  current = e.style.display;
  if (current == 'block') {
    e.style.display = 'none';
    return 0;
  }
  else {
    e.style.display = 'block';
    return 1;
  }
}

function toggleBox(szDivId, elem, msg1, msg2)
{
  var res = -1;  if (document.getElementById) {
    res = flip(document.getElementById(szDivId));
  }
  else if (document.all) {
    // this is the way old msie versions work
    res = flip(document.all[szDivId]);
  }
  if(elem) {
    if(res == 0) elem.innerHTML = msg1; else elem.innerHTML = msg2;
  }

}

function toggleAllBoxes() {
  if (document.getElementsByTagName) {
    d = document.getElementsByTagName('div');
    for (i = 0; i < d.length; i++) {
      if (d[i].className == 'log') {
        flip(d[i]);
      }
    }
  }
}

// -->
</script>

</head>
<body>
<h2 align='center'>Default test</h2><table border='1' align="center">
<tr>
<td>Tests passed/Failed/Skipped:</td><td>0/1/0</td>
</tr><tr>
<td>Started on:</td><td>Fri Jan 24 03:03:54 PST 2020</td>
</tr>
<tr><td>Total time:</td><td>28 seconds (28329 ms)</td>
</tr><tr>
<td>Included groups:</td><td></td>
</tr><tr>
<td>Excluded groups:</td><td></td>
</tr>
</table><p/>
<small><i>(Hover the method name to see the test class name)</i></small><p/>
<table width='100%' border='1' class='invocation-failed'>
<tr><td colspan='4' align='center'><b>FAILED TESTS</b></td></tr>
<tr><td><b>Test method</b></td>
<td width="30%"><b>Exception</b></td>
<td width="10%"><b>Time (seconds)</b></td>
<td><b>Instance</b></td>
</tr>
<tr>
<td title='com.qaprosoft.carina.demo.MobileSampleTest.testLoginUser()'><b>testLoginUser</b><br>Test class: com.qaprosoft.carina.demo.MobileSampleTest<br>Test method: JIRA#DEMO-0011<br/>
<a href="#Output-1177072083" onClick='toggleBox("Output-1177072083", this, "Show output", "Hide output");'>Show output</a>

<a href="#Output-1177072083" onClick="toggleAllBoxes();">Show all outputs</a>
<div class='log' id="Output-1177072083">
Redmi Y2 - 94eacea3 TEST [Default test - testLoginUser] FAILED at [03:04:22 2020-01-24] - Unable to detect element: nextBtn (By.id: next_button)

com.qaprosoft.carina.core.foundation.webdriver.decorator.ExtendedWebElement.doAction(ExtendedWebElement.java:1391)
com.qaprosoft.carina.core.foundation.webdriver.decorator.ExtendedWebElement.doAction(ExtendedWebElement.java:1345)
com.qaprosoft.carina.core.foundation.webdriver.decorator.ExtendedWebElement.click(ExtendedWebElement.java:493)
com.qaprosoft.carina.core.foundation.webdriver.decorator.ExtendedWebElement.click(ExtendedWebElement.java:481)
com.qaprosoft.carina.core.foundation.webdriver.decorator.ExtendedWebElement.click(ExtendedWebElement.java:472)
com.qaprosoft.carina.demo.mobile.gui.pages.android.WelcomePage.clickNextBtn(WelcomePage.java:31)
com.qaprosoft.carina.demo.MobileSampleTest.testLoginUser(MobileSampleTest.java:85)
sun.reflect.NativeMethodAccessorImpl.invoke0(Native Method)
sun.reflect.NativeMethodAccessorImpl.invoke(NativeMethodAccessorImpl.java:62)
sun.reflect.DelegatingMethodAccessorImpl.invoke(DelegatingMethodAccessorImpl.java:43)
java.lang.reflect.Method.invoke(Method.java:498)
org.testng.internal.MethodInvocationHelper.invokeMethod(MethodInvocationHelper.java:124)
org.testng.internal.Invoker.invokeMethod(Invoker.java:583)
org.testng.internal.Invoker.invokeTestMethod(Invoker.java:719)
org.testng.internal.Invoker.invokeTestMethods(Invoker.java:989)
org.testng.internal.TestMethodWorker.invokeTestMethods(TestMethodWorker.java:125)
org.testng.internal.TestMethodWorker.run(TestMethodWorker.java:109)
org.testng.TestRunner.privateRun(TestRunner.java:648)
org.testng.TestRunner.run(TestRunner.java:505)
org.testng.SuiteRunner.runTest(SuiteRunner.java:455)
org.testng.SuiteRunner.runSequentially(SuiteRunner.java:450)
org.testng.SuiteRunner.privateRun(SuiteRunner.java:415)
org.testng.SuiteRunner.run(SuiteRunner.java:364)
org.testng.SuiteRunnerWorker.runSuite(SuiteRunnerWorker.java:52)
org.testng.SuiteRunnerWorker.run(SuiteRunnerWorker.java:84)
org.testng.TestNG.runSuitesSequentially(TestNG.java:1208)
org.testng.TestNG.runSuitesLocally(TestNG.java:1137)
org.testng.TestNG.runSuites(TestNG.java:1049)
org.testng.TestNG.run(TestNG.java:1017)
org.testng.remote.AbstractRemoteTestNG.run(AbstractRemoteTestNG.java:115)
org.testng.remote.RemoteTestNG.initAndRun(RemoteTestNG.java:251)
org.testng.remote.RemoteTestNG.main(RemoteTestNG.java:77)<br/>
</div>
</td>
<td><div><pre>org.openqa.selenium.NoSuchElementException: Unable to detect element: nextBtn (By.id: next_button)
	at com.qaprosoft.carina.core.foundation.webdriver.decorator.ExtendedWebElement.doAction(ExtendedWebElement.java:1391)
	at com.qaprosoft.carina.core.foundation.webdriver.decorator.ExtendedWebElement.doAction(ExtendedWebElement.java:1345)
	at com.qaprosoft.carina.core.foundation.webdriver.decorator.ExtendedWebElement.click(ExtendedWebElement.java:493)
	at com.qaprosoft.carina.core.foundation.webdriver.decorator.ExtendedWebElement.click(ExtendedWebElement.java:481)
	at com.qaprosoft.carina.core.foundation.webdriver.decorator.ExtendedWebElement.click(ExtendedWebElement.java:472)
	at com.qaprosoft.carina.demo.mobile.gui.pages.android.WelcomePage.clickNextBtn(WelcomePage.java:31)
	at com.qaprosoft.carina.demo.MobileSampleTest.testLoginUser(MobileSampleTest.java:85)
	at sun.reflect.NativeMethodAccessorImpl.invoke0(Native Method)
	at sun.reflect.NativeMethodAccessorImpl.invoke(NativeMethodAccessorImpl.java:62)
	at sun.reflect.DelegatingMethodAccessorImpl.invoke(DelegatingMethodAccessorImpl.java:43)
	at java.lang.reflect.Method.invoke(Method.java:498)
	at org.testng.internal.MethodInvocationHelper.invokeMethod(MethodInvocationHelper.java:124)
	at org.testng.internal.Invoker.invokeMethod(Invoker.java:583)
	at org.testng.internal.Invoker.invokeTestMethod(Invoker.java:719)
	at org.testng.internal.Invoker.invokeTestMethods(Invoker.java:989)
	at org.testng.internal.TestMethodWorker.invokeTestMethods(TestMethodWorker.java:125)
	at org.testng.internal.TestMethodWorker.run(TestMethodWorker.java:109)
	at org.testng.TestRunner.privateRun(TestRunner.java:648)
	at org.testng.TestRunner.run(TestRunner.java:505)
	at org.testng.SuiteRunner.runTest(SuiteRunner.java:455)
	at org.testng.SuiteRunner.runSequentially(SuiteRunner.java:450)
	at org.testng.SuiteRunner.privateRun(SuiteRunner.java:415)
	at org.testng.SuiteRunner.run(SuiteRunner.java:364)
	at org.testng.SuiteRunnerWorker.runSuite(SuiteRunnerWorker.java:52)
	at org.testng.SuiteRunnerWorker.run(SuiteRunnerWorker.java:84)
	at org.testng.TestNG.runSuitesSequentially(TestNG.java:1208)
	at org.testng.TestNG.runSuitesLocally(TestNG.java:1137)
	at org.testng.TestNG.runSuites(TestNG.java:1049)
	at org.testng.TestNG.run(TestNG.java:1017)
	at org.testng.remote.AbstractRemoteTestNG.run(AbstractRemoteTestNG.java:115)
	at org.testng.remote.RemoteTestNG.initAndRun(RemoteTestNG.java:251)
	at org.testng.remote.RemoteTestNG.main(RemoteTestNG.java:77)
Caused by: org.openqa.selenium.NoSuchElementException: An element could not be located on the page using the given search parameters.
For documentation on this error, please visit: https://www.seleniumhq.org/exceptions/no_such_element.html
Build info: version: &apos;3.141.59&apos;, revision: &apos;e82be7d358&apos;, time: &apos;2018-11-14T08:17:03&apos;
System info: host: &apos;T440P&apos;, ip: &apos;192.168.216.94&apos;, os.name: &apos;Windows 10&apos;, os.arch: &apos;amd64&apos;, os.version: &apos;10.0&apos;, java.version: &apos;1.8.0_144&apos;
Driver info: io.appium.java_client.android.AndroidDriver
Capabilities {appActivity: com.solvd.carinademoapplica..., appPackage: com.solvd.carinademoapplica..., automationName: uiautomator2, carinaTestRunId: 2e6b3560-8600-43a0-8689-01e..., databaseEnabled: false, desired: {appActivity: com.solvd.carinademoapplica..., appPackage: com.solvd.carinademoapplica..., automationName: uiautomator2, carinaTestRunId: 2e6b3560-8600-43a0-8689-01e..., deviceName: redmiy2, deviceType: phone, platformName: android, platformVersion: 9, udid: 94eacea3}, deviceApiLevel: 28, deviceManufacturer: Xiaomi, deviceModel: Redmi Y2, deviceName: 94eacea3, deviceScreenDensity: 320, deviceScreenSize: 720x1440, deviceType: phone, deviceUDID: 94eacea3, javascriptEnabled: true, locationContextEnabled: false, networkConnectionEnabled: true, pixelRatio: 2, platform: LINUX, platformName: ANDROID, platformVersion: 9, statBarHeight: 48, takesScreenshot: true, udid: 94eacea3, viewportRect: {height: 1296, left: 0, top: 48, width: 720}, warnings: {}, webStorageEnabled: false}
Session ID: b7877e3c-88ce-4b0e-9ce2-09e5be24f0c2
*** Element info: {Using=id, value=next_button}
	at sun.reflect.NativeConstructorAccessorImpl.newInstance0(Native Method)
	at sun.reflect.NativeConstructorAccessorImpl.newInstance(NativeConstructorAccessorImpl.java:62)
	at sun.reflect.DelegatingConstructorAccessorImpl.newInstance(DelegatingConstructorAccessorImpl.java:45)
	at java.lang.reflect.Constructor.newInstance(Constructor.java:423)
	at org.openqa.selenium.remote.http.W3CHttpResponseCodec.createException(W3CHttpResponseCodec.java:187)
	at org.openqa.selenium.remote.http.W3CHttpResponseCodec.decode(W3CHttpResponseCodec.java:122)
	at org.openqa.selenium.remote.http.W3CHttpResponseCodec.decode(W3CHttpResponseCodec.java:49)
	at org.openqa.selenium.remote.HttpCommandExecutor.execute(HttpCommandExecutor.java:158)
	at com.qaprosoft.carina.core.foundation.webdriver.listener.EventFiringAppiumCommandExecutor.execute(EventFiringAppiumCommandExecutor.java:150)
	at org.openqa.selenium.remote.RemoteWebDriver.execute(RemoteWebDriver.java:552)
	at io.appium.java_client.DefaultGenericMobileDriver.execute(DefaultGenericMobileDriver.java:41)
	at io.appium.java_client.AppiumDriver.execute(AppiumDriver.java:1)
	at io.appium.java_client.android.AndroidDriver.execute(AndroidDriver.java:1)
	at org.openqa.selenium.remote.RemoteWebDriver.findElement(RemoteWebDriver.java:323)
	at io.appium.java_client.DefaultGenericMobileDriver.findElement(DefaultGenericMobileDriver.java:61)
	at io.appium.java_client.AppiumDriver.findElement(AppiumDriver.java:1)
	at io.appium.java_client.android.AndroidDriver.findElement(AndroidDriver.java:1)
	at org.openqa.selenium.remote.RemoteWebDriver.findElementById(RemoteWebDriver.java:372)
	at io.appium.java_client.DefaultGenericMobileDriver.findElementById(DefaultGenericMobileDriver.java:69)
	at io.appium.java_client.AppiumDriver.findElementById(AppiumDriver.java:1)
	at io.appium.java_client.android.AndroidDriver.findElementById(AndroidDriver.java:1)
	at org.openqa.selenium.By$ById.findElement(By.java:188)
	at org.openqa.selenium.remote.RemoteWebDriver.findElement(RemoteWebDriver.java:315)
	at io.appium.java_client.DefaultGenericMobileDriver.findElement(DefaultGenericMobileDriver.java:57)
	at io.appium.java_client.AppiumDriver.findElement(AppiumDriver.java:1)
	at io.appium.java_client.android.AndroidDriver.findElement(AndroidDriver.java:1)
	at com.qaprosoft.carina.core.foundation.webdriver.decorator.ExtendedWebElement.refindElement(ExtendedWebElement.java:383)
	at com.qaprosoft.carina.core.foundation.webdriver.decorator.ExtendedWebElement.doAction(ExtendedWebElement.java:1388)
	... 31 more
</pre></div><a href='#' onClick='toggleBox("stack-trace1177072083", this, "Click to show all stack frames", "Click to hide stack frames")'>Click to show all stack frames</a>
<div class='stack-trace' id='stack-trace1177072083'><pre>org.openqa.selenium.NoSuchElementException: Unable to detect element: nextBtn (By.id: next_button)
	at com.qaprosoft.carina.core.foundation.webdriver.decorator.ExtendedWebElement.doAction(ExtendedWebElement.java:1391)
	at com.qaprosoft.carina.core.foundation.webdriver.decorator.ExtendedWebElement.doAction(ExtendedWebElement.java:1345)
	at com.qaprosoft.carina.core.foundation.webdriver.decorator.ExtendedWebElement.click(ExtendedWebElement.java:493)
	at com.qaprosoft.carina.core.foundation.webdriver.decorator.ExtendedWebElement.click(ExtendedWebElement.java:481)
	at com.qaprosoft.carina.core.foundation.webdriver.decorator.ExtendedWebElement.click(ExtendedWebElement.java:472)
	at com.qaprosoft.carina.demo.mobile.gui.pages.android.WelcomePage.clickNextBtn(WelcomePage.java:31)
	at com.qaprosoft.carina.demo.MobileSampleTest.testLoginUser(MobileSampleTest.java:85)
	at sun.reflect.NativeMethodAccessorImpl.invoke0(Native Method)
	at sun.reflect.NativeMethodAccessorImpl.invoke(NativeMethodAccessorImpl.java:62)
	at sun.reflect.DelegatingMethodAccessorImpl.invoke(DelegatingMethodAccessorImpl.java:43)
	at java.lang.reflect.Method.invoke(Method.java:498)
	at org.testng.internal.MethodInvocationHelper.invokeMethod(MethodInvocationHelper.java:124)
	at org.testng.internal.Invoker.invokeMethod(Invoker.java:583)
	at org.testng.internal.Invoker.invokeTestMethod(Invoker.java:719)
	at org.testng.internal.Invoker.invokeTestMethods(Invoker.java:989)
	at org.testng.internal.TestMethodWorker.invokeTestMethods(TestMethodWorker.java:125)
	at org.testng.internal.TestMethodWorker.run(TestMethodWorker.java:109)
	at org.testng.TestRunner.privateRun(TestRunner.java:648)
	at org.testng.TestRunner.run(TestRunner.java:505)
	at org.testng.SuiteRunner.runTest(SuiteRunner.java:455)
	at org.testng.SuiteRunner.runSequentially(SuiteRunner.java:450)
	at org.testng.SuiteRunner.privateRun(SuiteRunner.java:415)
	at org.testng.SuiteRunner.run(SuiteRunner.java:364)
	at org.testng.SuiteRunnerWorker.runSuite(SuiteRunnerWorker.java:52)
	at org.testng.SuiteRunnerWorker.run(SuiteRunnerWorker.java:84)
	at org.testng.TestNG.runSuitesSequentially(TestNG.java:1208)
	at org.testng.TestNG.runSuitesLocally(TestNG.java:1137)
	at org.testng.TestNG.runSuites(TestNG.java:1049)
	at org.testng.TestNG.run(TestNG.java:1017)
	at org.testng.remote.AbstractRemoteTestNG.run(AbstractRemoteTestNG.java:115)
	at org.testng.remote.RemoteTestNG.initAndRun(RemoteTestNG.java:251)
	at org.testng.remote.RemoteTestNG.main(RemoteTestNG.java:77)
Caused by: org.openqa.selenium.NoSuchElementException: An element could not be located on the page using the given search parameters.
For documentation on this error, please visit: https://www.seleniumhq.org/exceptions/no_such_element.html
Build info: version: &apos;3.141.59&apos;, revision: &apos;e82be7d358&apos;, time: &apos;2018-11-14T08:17:03&apos;
System info: host: &apos;T440P&apos;, ip: &apos;192.168.216.94&apos;, os.name: &apos;Windows 10&apos;, os.arch: &apos;amd64&apos;, os.version: &apos;10.0&apos;, java.version: &apos;1.8.0_144&apos;
Driver info: io.appium.java_client.android.AndroidDriver
Capabilities {appActivity: com.solvd.carinademoapplica..., appPackage: com.solvd.carinademoapplica..., automationName: uiautomator2, carinaTestRunId: 2e6b3560-8600-43a0-8689-01e..., databaseEnabled: false, desired: {appActivity: com.solvd.carinademoapplica..., appPackage: com.solvd.carinademoapplica..., automationName: uiautomator2, carinaTestRunId: 2e6b3560-8600-43a0-8689-01e..., deviceName: redmiy2, deviceType: phone, platformName: android, platformVersion: 9, udid: 94eacea3}, deviceApiLevel: 28, deviceManufacturer: Xiaomi, deviceModel: Redmi Y2, deviceName: 94eacea3, deviceScreenDensity: 320, deviceScreenSize: 720x1440, deviceType: phone, deviceUDID: 94eacea3, javascriptEnabled: true, locationContextEnabled: false, networkConnectionEnabled: true, pixelRatio: 2, platform: LINUX, platformName: ANDROID, platformVersion: 9, statBarHeight: 48, takesScreenshot: true, udid: 94eacea3, viewportRect: {height: 1296, left: 0, top: 48, width: 720}, warnings: {}, webStorageEnabled: false}
Session ID: b7877e3c-88ce-4b0e-9ce2-09e5be24f0c2
*** Element info: {Using=id, value=next_button}
	at sun.reflect.NativeConstructorAccessorImpl.newInstance0(Native Method)
	at sun.reflect.NativeConstructorAccessorImpl.newInstance(NativeConstructorAccessorImpl.java:62)
	at sun.reflect.DelegatingConstructorAccessorImpl.newInstance(DelegatingConstructorAccessorImpl.java:45)
	at java.lang.reflect.Constructor.newInstance(Constructor.java:423)
	at org.openqa.selenium.remote.http.W3CHttpResponseCodec.createException(W3CHttpResponseCodec.java:187)
	at org.openqa.selenium.remote.http.W3CHttpResponseCodec.decode(W3CHttpResponseCodec.java:122)
	at org.openqa.selenium.remote.http.W3CHttpResponseCodec.decode(W3CHttpResponseCodec.java:49)
	at org.openqa.selenium.remote.HttpCommandExecutor.execute(HttpCommandExecutor.java:158)
	at com.qaprosoft.carina.core.foundation.webdriver.listener.EventFiringAppiumCommandExecutor.execute(EventFiringAppiumCommandExecutor.java:150)
	at org.openqa.selenium.remote.RemoteWebDriver.execute(RemoteWebDriver.java:552)
	at io.appium.java_client.DefaultGenericMobileDriver.execute(DefaultGenericMobileDriver.java:41)
	at io.appium.java_client.AppiumDriver.execute(AppiumDriver.java:1)
	at io.appium.java_client.android.AndroidDriver.execute(AndroidDriver.java:1)
	at org.openqa.selenium.remote.RemoteWebDriver.findElement(RemoteWebDriver.java:323)
	at io.appium.java_client.DefaultGenericMobileDriver.findElement(DefaultGenericMobileDriver.java:61)
	at io.appium.java_client.AppiumDriver.findElement(AppiumDriver.java:1)
	at io.appium.java_client.android.AndroidDriver.findElement(AndroidDriver.java:1)
	at org.openqa.selenium.remote.RemoteWebDriver.findElementById(RemoteWebDriver.java:372)
	at io.appium.java_client.DefaultGenericMobileDriver.findElementById(DefaultGenericMobileDriver.java:69)
	at io.appium.java_client.AppiumDriver.findElementById(AppiumDriver.java:1)
	at io.appium.java_client.android.AndroidDriver.findElementById(AndroidDriver.java:1)
	at org.openqa.selenium.By$ById.findElement(By.java:188)
	at org.openqa.selenium.remote.RemoteWebDriver.findElement(RemoteWebDriver.java:315)
	at io.appium.java_client.DefaultGenericMobileDriver.findElement(DefaultGenericMobileDriver.java:57)
	at io.appium.java_client.AppiumDriver.findElement(AppiumDriver.java:1)
	at io.appium.java_client.android.AndroidDriver.findElement(AndroidDriver.java:1)
	at com.qaprosoft.carina.core.foundation.webdriver.decorator.ExtendedWebElement.refindElement(ExtendedWebElement.java:383)
	at com.qaprosoft.carina.core.foundation.webdriver.decorator.ExtendedWebElement.doAction(ExtendedWebElement.java:1388)
	... 31 more
</pre></div></td>
<td>24</td>
<td>com.qaprosoft.carina.demo.MobileSampleTest@1e802ef9</td></tr>
</table><p>
</body>
</html>