@APITest
Feature: E-guru feature

  @demo @Dev
  Scenario: Verify if e-guru is able to login [90m# src/test/resources/features/E-guru.feature:6[0m
    [32mGiven [0m[32mlaunch your app[0m                     [90m# EguruStepdef.Mainpage()[0m
    [32mWhen [0m[32mclick on userid and pw[0m               [90m# EguruStepdef.enteruserid()[0m
    [32mThen [0m[32mclick on login[0m                       [90m# EguruStepdef.clicklogin()[0m
    [31mAnd [0m[31mClick OK[0m                              [90m# EguruStepdef.ClickOK()[0m
      [31morg.openqa.selenium.NoSuchElementException: Unable to detect element: OK (By.xpath: //android.widget.Button[@text='OK'])
      	at com.qaprosoft.carina.core.foundation.webdriver.decorator.ExtendedWebElement.doAction(ExtendedWebElement.java:1391)
      	at com.qaprosoft.carina.core.foundation.webdriver.decorator.ExtendedWebElement.doAction(ExtendedWebElement.java:1345)
      	at com.qaprosoft.carina.core.foundation.webdriver.decorator.ExtendedWebElement.click(ExtendedWebElement.java:493)
      	at com.qaprosoft.carina.core.foundation.webdriver.decorator.ExtendedWebElement.click(ExtendedWebElement.java:481)
      	at com.qaprosoft.carina.core.foundation.webdriver.decorator.ExtendedWebElement.click(ExtendedWebElement.java:472)
      	at com.qaprosoft.carina.demo.mobile.gui.pages.android.EguruLoginPage.ClickOK(EguruLoginPage.java:66)
      	at com.qaprosoft.carina.demo.cucumber.steps.manali.EguruStepdef.ClickOK(EguruStepdef.java:45)
      	at âœ½.And Click OK(src/test/resources/features/E-guru.feature:10)
      Caused by: org.openqa.selenium.NoSuchElementException: An element could not be located on the page using the given search parameters.
      For documentation on this error, please visit: https://www.seleniumhq.org/exceptions/no_such_element.html
      Build info: version: '3.141.59', revision: 'e82be7d358', time: '2018-11-14T08:17:03'
      System info: host: 'QKNBK296', ip: '192.168.106.97', os.name: 'Windows 10', os.arch: 'amd64', os.version: '10.0', java.version: '1.8.0_231'
      Driver info: io.appium.java_client.android.AndroidDriver
      Capabilities {appActivity: com.tatamotors.eguruhybrid...., appPackage: com.tatamotors.eguruhybrid, automationName: uiautomator2, carinaTestRunId: ea6c0a56-25f9-4f31-8a77-94c..., databaseEnabled: false, desired: {appActivity: com.tatamotors.eguruhybrid...., appPackage: com.tatamotors.eguruhybrid, automationName: uiautomator2, carinaTestRunId: ea6c0a56-25f9-4f31-8a77-94c..., deviceName: redmiy2, deviceType: phone, platformName: android, platformVersion: 9, udid: 94eacea3}, deviceApiLevel: 28, deviceManufacturer: Xiaomi, deviceModel: Redmi Y2, deviceName: 94eacea3, deviceScreenDensity: 320, deviceScreenSize: 720x1440, deviceType: phone, deviceUDID: 94eacea3, javascriptEnabled: true, locationContextEnabled: false, networkConnectionEnabled: true, pixelRatio: 2, platform: LINUX, platformName: ANDROID, platformVersion: 9, statBarHeight: 48, takesScreenshot: true, udid: 94eacea3, viewportRect: {height: 1296, left: 0, top: 48, width: 720}, warnings: {}, webStorageEnabled: false}
      Session ID: 5aec400f-db0f-49a9-9308-7d16ed684902
      *** Element info: {Using=xpath, value=//android.widget.Button[@text='OK']}
      	at sun.reflect.GeneratedConstructorAccessor19.newInstance(Unknown Source)
      	at sun.reflect.DelegatingConstructorAccessorImpl.newInstance(Unknown Source)
      	at java.lang.reflect.Constructor.newInstance(Unknown Source)
      	at org.openqa.selenium.remote.http.W3CHttpResponseCodec.createException(W3CHttpResponseCodec.java:187)
      	at org.openqa.selenium.remote.http.W3CHttpResponseCodec.decode(W3CHttpResponseCodec.java:122)
      	at org.openqa.selenium.remote.http.W3CHttpResponseCodec.decode(W3CHttpResponseCodec.java:49)
      	at org.openqa.selenium.remote.HttpCommandExecutor.execute(HttpCommandExecutor.java:158)
      	at com.qaprosoft.carina.core.foundation.webdriver.listener.EventFiringAppiumCommandExecutor.execute(EventFiringAppiumCommandExecutor.java:150)
      	at org.openqa.selenium.remote.RemoteWebDriver.execute(RemoteWebDriver.java:552)
      	at io.appium.java_client.DefaultGenericMobileDriver.execute(DefaultGenericMobileDriver.java:41)
      	at io.appium.java_client.AppiumDriver.execute(AppiumDriver.java:1)
      	at io.appium.java_client.android.AndroidDriver.execute(AndroidDriver.java:1)
      	at org.openqa.selenium.remote.RemoteWebDriver.findElement(RemoteWebDriver.java:323)
      	at io.appium.java_client.DefaultGenericMobileDriver.findElement(DefaultGenericMobileDriver.java:61)
      	at io.appium.java_client.AppiumDriver.findElement(AppiumDriver.java:1)
      	at io.appium.java_client.android.AndroidDriver.findElement(AndroidDriver.java:1)
      	at org.openqa.selenium.remote.RemoteWebDriver.findElementByXPath(RemoteWebDriver.java:428)
      	at io.appium.java_client.DefaultGenericMobileDriver.findElementByXPath(DefaultGenericMobileDriver.java:151)
      	at io.appium.java_client.AppiumDriver.findElementByXPath(AppiumDriver.java:1)
      	at io.appium.java_client.android.AndroidDriver.findElementByXPath(AndroidDriver.java:1)
      	at org.openqa.selenium.By$ByXPath.findElement(By.java:353)
      	at org.openqa.selenium.remote.RemoteWebDriver.findElement(RemoteWebDriver.java:315)
      	at io.appium.java_client.DefaultGenericMobileDriver.findElement(DefaultGenericMobileDriver.java:57)
      	at io.appium.java_client.AppiumDriver.findElement(AppiumDriver.java:1)
      	at io.appium.java_client.android.AndroidDriver.findElement(AndroidDriver.java:1)
      	at com.qaprosoft.carina.core.foundation.webdriver.decorator.ExtendedWebElement.refindElement(ExtendedWebElement.java:383)
      	at com.qaprosoft.carina.core.foundation.webdriver.decorator.ExtendedWebElement.doAction(ExtendedWebElement.java:1388)
      	at com.qaprosoft.carina.core.foundation.webdriver.decorator.ExtendedWebElement.doAction(ExtendedWebElement.java:1345)
      	at com.qaprosoft.carina.core.foundation.webdriver.decorator.ExtendedWebElement.click(ExtendedWebElement.java:493)
      	at com.qaprosoft.carina.core.foundation.webdriver.decorator.ExtendedWebElement.click(ExtendedWebElement.java:481)
      	at com.qaprosoft.carina.core.foundation.webdriver.decorator.ExtendedWebElement.click(ExtendedWebElement.java:472)
      	at com.qaprosoft.carina.demo.mobile.gui.pages.android.EguruLoginPage.ClickOK(EguruLoginPage.java:66)
      	at com.qaprosoft.carina.demo.cucumber.steps.manali.EguruStepdef.ClickOK(EguruStepdef.java:45)
      	at sun.reflect.NativeMethodAccessorImpl.invoke0(Native Method)
      	at sun.reflect.NativeMethodAccessorImpl.invoke(Unknown Source)
      	at sun.reflect.DelegatingMethodAccessorImpl.invoke(Unknown Source)
      	at java.lang.reflect.Method.invoke(Unknown Source)
      	at cucumber.runtime.Utils$1.call(Utils.java:40)
      	at cucumber.runtime.Timeout.timeout(Timeout.java:16)
      	at cucumber.runtime.Utils.invoke(Utils.java:34)
      	at cucumber.runtime.java.JavaStepDefinition.execute(JavaStepDefinition.java:38)
      	at cucumber.runtime.StepDefinitionMatch.runStep(StepDefinitionMatch.java:37)
      	at cucumber.runtime.Runtime.runStep(Runtime.java:300)
      	at cucumber.runtime.model.StepContainer.runStep(StepContainer.java:44)
      	at cucumber.runtime.model.StepContainer.runSteps(StepContainer.java:39)
      	at cucumber.runtime.model.CucumberScenario.run(CucumberScenario.java:44)
      	at cucumber.runtime.model.CucumberFeature.run(CucumberFeature.java:165)
      	at cucumber.api.testng.TestNGCucumberRunner.runCucumber(TestNGCucumberRunner.java:63)
      	at com.qaprosoft.carina.core.foundation.cucumber.CucumberRunner.feature(CucumberRunner.java:56)
      	at sun.reflect.NativeMethodAccessorImpl.invoke0(Native Method)
      	at sun.reflect.NativeMethodAccessorImpl.invoke(Unknown Source)
      	at sun.reflect.DelegatingMethodAccessorImpl.invoke(Unknown Source)
      	at java.lang.reflect.Method.invoke(Unknown Source)
      	at org.testng.internal.MethodInvocationHelper.invokeMethod(MethodInvocationHelper.java:124)
      	at org.testng.internal.Invoker.invokeMethod(Invoker.java:583)
      	at org.testng.internal.Invoker.invokeTestMethod(Invoker.java:719)
      	at org.testng.internal.Invoker.invokeTestMethods(Invoker.java:989)
      	at org.testng.internal.TestMethodWorker.invokeTestMethods(TestMethodWorker.java:125)
      	at org.testng.internal.TestMethodWorker.run(TestMethodWorker.java:109)
      	at org.testng.TestRunner.privateRun(TestRunner.java:648)
      	at org.testng.TestRunner.run(TestRunner.java:505)
      	at org.testng.SuiteRunner.runTest(SuiteRunner.java:455)
      	at org.testng.SuiteRunner.runSequentially(SuiteRunner.java:450)
      	at org.testng.SuiteRunner.privateRun(SuiteRunner.java:415)
      	at org.testng.SuiteRunner.run(SuiteRunner.java:364)
      	at org.testng.SuiteRunnerWorker.runSuite(SuiteRunnerWorker.java:52)
      	at org.testng.SuiteRunnerWorker.run(SuiteRunnerWorker.java:84)
      	at org.testng.TestNG.runSuitesSequentially(TestNG.java:1208)
      	at org.testng.TestNG.runSuitesLocally(TestNG.java:1137)
      	at org.testng.TestNG.runSuites(TestNG.java:1049)
      	at org.testng.TestNG.run(TestNG.java:1017)
      	at org.testng.remote.AbstractRemoteTestNG.run(AbstractRemoteTestNG.java:115)
      	at org.testng.remote.RemoteTestNG.initAndRun(RemoteTestNG.java:251)
      	at org.testng.remote.RemoteTestNG.main(RemoteTestNG.java:77)
      [0m
    [36mAnd [0m[36mClickNavigation[0m                       [90m# EguruStepdef.Clicknavigation()[0m
    [36mAnd [0m[36mclick Logout[0m                          [90m# EguruStepdef.Clicklogout()[0m
    [36mThen [0m[36mclickContacts[0m                        [90m# EguruStepdef.clickContacts()[0m
    [36mAnd [0m[36mEnter Basic Details[0m                   [90m# EguruStepdef.enterbasicdetails()[0m
