<?xml version="1.0" encoding="UTF-8"?>
<!-- Generated by org.testng.reporters.JUnitReportReporter -->
<testsuite skipped="0" hostname="T440p" name="com.qaprosoft.carina.demo.MobileSampleTest" tests="1" failures="0" timestamp="24 Jan 2020 11:04:23 GMT" time="24.142" errors="1">
  <testcase name="testLoginUser" time="24.142" classname="com.qaprosoft.carina.demo.MobileSampleTest">
    <error type="org.openqa.selenium.NoSuchElementException" message="Unable to detect element: nextBtn (By.id: next_button)">
      <![CDATA[org.openqa.selenium.NoSuchElementException: Unable to detect element: nextBtn (By.id: next_button)
at com.qaprosoft.carina.core.foundation.webdriver.decorator.ExtendedWebElement.doAction(ExtendedWebElement.java:1391)
at com.qaprosoft.carina.core.foundation.webdriver.decorator.ExtendedWebElement.doAction(ExtendedWebElement.java:1345)
at com.qaprosoft.carina.core.foundation.webdriver.decorator.ExtendedWebElement.click(ExtendedWebElement.java:493)
at com.qaprosoft.carina.core.foundation.webdriver.decorator.ExtendedWebElement.click(ExtendedWebElement.java:481)
at com.qaprosoft.carina.core.foundation.webdriver.decorator.ExtendedWebElement.click(ExtendedWebElement.java:472)
at com.qaprosoft.carina.demo.mobile.gui.pages.android.WelcomePage.clickNextBtn(WelcomePage.java:31)
at com.qaprosoft.carina.demo.MobileSampleTest.testLoginUser(MobileSampleTest.java:85)
at sun.reflect.NativeMethodAccessorImpl.invoke0(Native Method)
at sun.reflect.NativeMethodAccessorImpl.invoke(NativeMethodAccessorImpl.java:62)
at sun.reflect.DelegatingMethodAccessorImpl.invoke(DelegatingMethodAccessorImpl.java:43)
at java.lang.reflect.Method.invoke(Method.java:498)
at org.testng.internal.MethodInvocationHelper.invokeMethod(MethodInvocationHelper.java:124)
at org.testng.internal.Invoker.invokeMethod(Invoker.java:583)
at org.testng.internal.Invoker.invokeTestMethod(Invoker.java:719)
at org.testng.internal.Invoker.invokeTestMethods(Invoker.java:989)
at org.testng.internal.TestMethodWorker.invokeTestMethods(TestMethodWorker.java:125)
at org.testng.internal.TestMethodWorker.run(TestMethodWorker.java:109)
at org.testng.TestRunner.privateRun(TestRunner.java:648)
at org.testng.TestRunner.run(TestRunner.java:505)
at org.testng.SuiteRunner.runTest(SuiteRunner.java:455)
at org.testng.SuiteRunner.runSequentially(SuiteRunner.java:450)
at org.testng.SuiteRunner.privateRun(SuiteRunner.java:415)
at org.testng.SuiteRunner.run(SuiteRunner.java:364)
at org.testng.SuiteRunnerWorker.runSuite(SuiteRunnerWorker.java:52)
at org.testng.SuiteRunnerWorker.run(SuiteRunnerWorker.java:84)
at org.testng.TestNG.runSuitesSequentially(TestNG.java:1208)
at org.testng.TestNG.runSuitesLocally(TestNG.java:1137)
at org.testng.TestNG.runSuites(TestNG.java:1049)
at org.testng.TestNG.run(TestNG.java:1017)
at org.testng.remote.AbstractRemoteTestNG.run(AbstractRemoteTestNG.java:115)
at org.testng.remote.RemoteTestNG.initAndRun(RemoteTestNG.java:251)
at org.testng.remote.RemoteTestNG.main(RemoteTestNG.java:77)
Caused by: org.openqa.selenium.NoSuchElementException: An element could not be located on the page using the given search parameters.
For documentation on this error, please visit: https://www.seleniumhq.org/exceptions/no_such_element.html
Build info: version: '3.141.59', revision: 'e82be7d358', time: '2018-11-14T08:17:03'
System info: host: 'T440P', ip: '192.168.216.94', os.name: 'Windows 10', os.arch: 'amd64', os.version: '10.0', java.version: '1.8.0_144'
Driver info: io.appium.java_client.android.AndroidDriver
Capabilities {appActivity: com.solvd.carinademoapplica..., appPackage: com.solvd.carinademoapplica..., automationName: uiautomator2, carinaTestRunId: 2e6b3560-8600-43a0-8689-01e..., databaseEnabled: false, desired: {appActivity: com.solvd.carinademoapplica..., appPackage: com.solvd.carinademoapplica..., automationName: uiautomator2, carinaTestRunId: 2e6b3560-8600-43a0-8689-01e..., deviceName: redmiy2, deviceType: phone, platformName: android, platformVersion: 9, udid: 94eacea3}, deviceApiLevel: 28, deviceManufacturer: Xiaomi, deviceModel: Redmi Y2, deviceName: 94eacea3, deviceScreenDensity: 320, deviceScreenSize: 720x1440, deviceType: phone, deviceUDID: 94eacea3, javascriptEnabled: true, locationContextEnabled: false, networkConnectionEnabled: true, pixelRatio: 2, platform: LINUX, platformName: ANDROID, platformVersion: 9, statBarHeight: 48, takesScreenshot: true, udid: 94eacea3, viewportRect: {height: 1296, left: 0, top: 48, width: 720}, warnings: {}, webStorageEnabled: false}
Session ID: b7877e3c-88ce-4b0e-9ce2-09e5be24f0c2
*** Element info: {Using=id, value=next_button}
at sun.reflect.NativeConstructorAccessorImpl.newInstance0(Native Method)
at sun.reflect.NativeConstructorAccessorImpl.newInstance(NativeConstructorAccessorImpl.java:62)
at sun.reflect.DelegatingConstructorAccessorImpl.newInstance(DelegatingConstructorAccessorImpl.java:45)
at java.lang.reflect.Constructor.newInstance(Constructor.java:423)
at org.openqa.selenium.remote.http.W3CHttpResponseCodec.createException(W3CHttpResponseCodec.java:187)
at org.openqa.selenium.remote.http.W3CHttpResponseCodec.decode(W3CHttpResponseCodec.java:122)
at org.openqa.selenium.remote.http.W3CHttpResponseCodec.decode(W3CHttpResponseCodec.java:49)
at org.openqa.selenium.remote.HttpCommandExecutor.execute(HttpCommandExecutor.java:158)
at com.qaprosoft.carina.core.foundation.webdriver.listener.EventFiringAppiumCommandExecutor.execute(EventFiringAppiumCommandExecutor.java:150)
at org.openqa.selenium.remote.RemoteWebDriver.execute(RemoteWebDriver.java:552)
at io.appium.java_client.DefaultGenericMobileDriver.execute(DefaultGenericMobileDriver.java:41)
at io.appium.java_client.AppiumDriver.execute(AppiumDriver.java:1)
at io.appium.java_client.android.AndroidDriver.execute(AndroidDriver.java:1)
at org.openqa.selenium.remote.RemoteWebDriver.findElement(RemoteWebDriver.java:323)
at io.appium.java_client.DefaultGenericMobileDriver.findElement(DefaultGenericMobileDriver.java:61)
at io.appium.java_client.AppiumDriver.findElement(AppiumDriver.java:1)
at io.appium.java_client.android.AndroidDriver.findElement(AndroidDriver.java:1)
at org.openqa.selenium.remote.RemoteWebDriver.findElementById(RemoteWebDriver.java:372)
at io.appium.java_client.DefaultGenericMobileDriver.findElementById(DefaultGenericMobileDriver.java:69)
at io.appium.java_client.AppiumDriver.findElementById(AppiumDriver.java:1)
at io.appium.java_client.android.AndroidDriver.findElementById(AndroidDriver.java:1)
at org.openqa.selenium.By$ById.findElement(By.java:188)
at org.openqa.selenium.remote.RemoteWebDriver.findElement(RemoteWebDriver.java:315)
at io.appium.java_client.DefaultGenericMobileDriver.findElement(DefaultGenericMobileDriver.java:57)
at io.appium.java_client.AppiumDriver.findElement(AppiumDriver.java:1)
at io.appium.java_client.android.AndroidDriver.findElement(AndroidDriver.java:1)
at com.qaprosoft.carina.core.foundation.webdriver.decorator.ExtendedWebElement.refindElement(ExtendedWebElement.java:383)
at com.qaprosoft.carina.core.foundation.webdriver.decorator.ExtendedWebElement.doAction(ExtendedWebElement.java:1388)
... 31 more
]]>
    </error>
  </testcase> <!-- testLoginUser -->
</testsuite> <!-- com.qaprosoft.carina.demo.MobileSampleTest -->
